<?xml version="1.0" encoding="UTF-8"?><testsuite errors="0" failures="1" name="Buscar un usuario desconocido" skipped="0" tests="2" time="4.92" timestamp="2021-10-24 10:14:20"><testcase name="Buscar un usuario por su id"/><testcase name="Buscar usuarios con codigo invalido"><failure message="1 expectation failed.&#10;Expected status code &lt;404&gt; but was &lt;200&gt;.&#10;" type="java.lang.AssertionError">1 expectation failed.
Expected status code &lt;404&gt; but was &lt;200&gt;.
</failure><system-err>1 expectation failed.
Expected status code &lt;404&gt; but was &lt;200&gt;.
&#13;
co.com.sofka.stepdefnitions.reqres.api.unknown.UnknownStepDefinition.el_usuario_deberia_obtener_el_resultado_fallido(UnknownStepDefinition.java:67)&#13;
âœ½.el usuario deberia obtener el resultado fallido(file:///C:/Users/ThinkPad/Downloads/Services/src/test/resources/features/unknown/unknown.feature:14)&#13;
</system-err></testcase></testsuite>